{'base': 'stations',
 'clouds': {'all': 75},
 'cod': 200,
 'coord': {'lat': 59.33, 'lon': 18.07},
 'dt': 1577124482,
 'id': 2673730,
 'main': {'feels_like': 273.38,
          'humidity': 100,
          'pressure': 1003,
          'temp': 275.35,
          'temp_max': 278.15,
          'temp_min': 273.15},
 'name': 'Stockholm',
 'sys': {'country': 'SE',
         'id': 1788,
         'sunrise': 1577087054,
         'sunset': 1577108930,
         'type': 1},
 'timezone': 3600,
 'visibility': 9000,
 'weather': [{'description': 'broken clouds',
              'icon': '04n',
              'id': 803,
              'main': 'Clouds'}],
 'wind': {'deg': 142, 'speed': 0.47}}
